<?xml version="1.0" encoding="UTF-8"?>
<testsuite name="Pieces.PawnTest" tests="3" skipped="0" failures="0" errors="0" timestamp="2026-04-03T06:24:40.261Z" hostname="Johns-MacBook-Pro-53.local" time="0.02">
  <properties/>
  <testcase name="testIsLegalMoveCapture()" classname="Pieces.PawnTest" time="0.006"/>
  <testcase name="testIsLegalMoveBase()" classname="Pieces.PawnTest" time="0.003"/>
  <testcase name="testIsLegalMoveDouble()" classname="Pieces.PawnTest" time="0.0"/>
  <system-out><![CDATA[]]></system-out>
  <system-err><![CDATA[]]></system-err>
</testsuite>
